<?xml version="1.0" encoding="UTF-8"?>
<coverage generated="1770648983485" clover="3.2.0">
  <project timestamp="1770648983485" name="All files">
    <metrics statements="8" coveredstatements="8" conditionals="0" coveredconditionals="0" methods="4" coveredmethods="4" elements="12" coveredelements="12" complexity="0" loc="8" ncloc="8" packages="1" files="1" classes="1"/>
    <file name="Login.tsx" path="/Users/mehtabalam/Documents/react-mock/incedo/src/components/Login.tsx">
      <metrics statements="8" coveredstatements="8" conditionals="0" coveredconditionals="0" methods="4" coveredmethods="4"/>
      <line num="6" count="1" type="stmt"/>
      <line num="7" count="6" type="stmt"/>
      <line num="15" count="6" type="stmt"/>
      <line num="16" count="3" type="stmt"/>
      <line num="22" count="6" type="stmt"/>
      <line num="23" count="1" type="stmt"/>
      <line num="27" count="1" type="stmt"/>
      <line num="32" count="6" type="stmt"/>
    </file>
  </project>
</coverage>
