{"/Users/mehtabalam/Documents/react-mock/incedo/src/components/Login.tsx": {"path":"/Users/mehtabalam/Documents/react-mock/incedo/src/components/Login.tsx","statementMap":{"0":{"start":{"line":6,"column":24},"end":{"line":47,"column":1}},"1":{"start":{"line":7,"column":36},"end":{"line":10,"column":6}},"2":{"start":{"line":15,"column":25},"end":{"line":20,"column":5}},"3":{"start":{"line":16,"column":8},"end":{"line":19,"column":11}},"4":{"start":{"line":16,"column":31},"end":{"line":19,"column":9}},"5":{"start":{"line":22,"column":25},"end":{"line":31,"column":5}},"6":{"start":{"line":23,"column":8},"end":{"line":23,"column":27}},"7":{"start":{"line":27,"column":8},"end":{"line":30,"column":10}},"8":{"start":{"line":32,"column":4},"end":{"line":46,"column":5}}},"fnMap":{"0":{"name":"(anonymous_0)","decl":{"start":{"line":6,"column":24},"end":{"line":6,"column":25}},"loc":{"start":{"line":6,"column":30},"end":{"line":47,"column":1}},"line":6},"1":{"name":"(anonymous_1)","decl":{"start":{"line":15,"column":25},"end":{"line":15,"column":26}},"loc":{"start":{"line":15,"column":58},"end":{"line":20,"column":5}},"line":15},"2":{"name":"(anonymous_2)","decl":{"start":{"line":16,"column":20},"end":{"line":16,"column":21}},"loc":{"start":{"line":16,"column":31},"end":{"line":19,"column":9}},"line":16},"3":{"name":"(anonymous_3)","decl":{"start":{"line":22,"column":25},"end":{"line":22,"column":26}},"loc":{"start":{"line":22,"column":71},"end":{"line":31,"column":5}},"line":22}},"branchMap":{},"s":{"0":1,"1":6,"2":6,"3":3,"4":3,"5":6,"6":1,"7":1,"8":6},"f":{"0":6,"1":3,"2":3,"3":1},"b":{},"_coverageSchema":"1a1c01bbd47fc00a2c39e90264f33305004495a9","hash":"5bd243405cc10118e945edffb2487470279d437d"}
}
